<?xml version="1.0" encoding="UTF-8"?>
<!-- Generated by org.testng.reporters.JUnitXMLReporter -->
<testsuite hostname="manuelfvalless" name="Test" tests="9" failures="0" timestamp="24 Jan 2019 15:03:12 GMT" time="0.297" errors="0">
  <testcase name="@BeforeClass setUp" time="0.0" classname="web2_0.W2E1_Caso001Iphone">
    <failure type="org.openqa.selenium.WebDriverException" message="SafariDriver requires Safari 10 running on OSX El Capitan or greater.
Build info: version: &amp;apos;3.141.59&amp;apos;, revision: &amp;apos;e82be7d358&amp;apos;, time: &amp;apos;2018-11-14T08:25:53&amp;apos;
System info: host: &amp;apos;MANUELFVALLESS&amp;apos;, ip: &amp;apos;192.168.100.209&amp;apos;, os.name: &amp;apos;Windows 7&amp;apos;, os.arch: &amp;apos;amd64&amp;apos;, os.version: &amp;apos;6.1&amp;apos;, java.version: &amp;apos;1.8.0_181&amp;apos;
Driver info: driver.version: SafariDriver">
      <![CDATA[org.openqa.selenium.WebDriverException: SafariDriver requires Safari 10 running on OSX El Capitan or greater.
Build info: version: '3.141.59', revision: 'e82be7d358', time: '2018-11-14T08:25:53'
System info: host: 'MANUELFVALLESS', ip: '192.168.100.209', os.name: 'Windows 7', os.arch: 'amd64', os.version: '6.1', java.version: '1.8.0_181'
Driver info: driver.version: SafariDriver
	at org.openqa.selenium.safari.SafariDriverService.createDefaultService(SafariDriverService.java:59)
	at org.openqa.selenium.safari.SafariDriver.<init>(SafariDriver.java:63)
	at org.openqa.selenium.safari.SafariDriver.<init>(SafariDriver.java:41)
	at web2_0.W2E1_Caso001Iphone.setUp(W2E1_Caso001Iphone.java:29)
... Removed 24 stack frames]]>
    </failure>
  </testcase> <!-- @BeforeClass setUp -->
  <testcase name="@AfterClass tearDown" time="0.0" classname="web2_0.W2E1_Caso001Iphone">
    <failure type="java.lang.NullPointerException">
      <![CDATA[java.lang.NullPointerException
	at web2_0.W2E1_Caso001Iphone.getFoto(W2E1_Caso001Iphone.java:242)
	at web2_0.W2E1_Caso001Iphone.tearDown(W2E1_Caso001Iphone.java:225)
... Removed 24 stack frames]]>
    </failure>
  </testcase> <!-- @AfterClass tearDown -->
  <testcase name="@BeforeClass setUp" time="0.0" classname="web2_0.W2E1_Caso003Safari">
    <failure type="org.openqa.selenium.WebDriverException" message="SafariDriver requires Safari 10 running on OSX El Capitan or greater.
Build info: version: &amp;apos;3.141.59&amp;apos;, revision: &amp;apos;e82be7d358&amp;apos;, time: &amp;apos;2018-11-14T08:25:53&amp;apos;
System info: host: &amp;apos;MANUELFVALLESS&amp;apos;, ip: &amp;apos;192.168.100.209&amp;apos;, os.name: &amp;apos;Windows 7&amp;apos;, os.arch: &amp;apos;amd64&amp;apos;, os.version: &amp;apos;6.1&amp;apos;, java.version: &amp;apos;1.8.0_181&amp;apos;
Driver info: driver.version: SafariDriver">
      <![CDATA[org.openqa.selenium.WebDriverException: SafariDriver requires Safari 10 running on OSX El Capitan or greater.
Build info: version: '3.141.59', revision: 'e82be7d358', time: '2018-11-14T08:25:53'
System info: host: 'MANUELFVALLESS', ip: '192.168.100.209', os.name: 'Windows 7', os.arch: 'amd64', os.version: '6.1', java.version: '1.8.0_181'
Driver info: driver.version: SafariDriver
	at org.openqa.selenium.safari.SafariDriverService.createDefaultService(SafariDriverService.java:59)
	at org.openqa.selenium.safari.SafariDriver.<init>(SafariDriver.java:63)
	at org.openqa.selenium.safari.SafariDriver.<init>(SafariDriver.java:41)
	at web2_0.W2E1_Caso003Safari.setUp(W2E1_Caso003Safari.java:29)
... Removed 24 stack frames]]>
    </failure>
  </testcase> <!-- @BeforeClass setUp -->
  <testcase name="@AfterClass tearDown" time="0.0" classname="web2_0.W2E1_Caso003Safari">
    <failure type="java.lang.NullPointerException">
      <![CDATA[java.lang.NullPointerException
	at web2_0.W2E1_Caso003Safari.getFoto(W2E1_Caso003Safari.java:273)
	at web2_0.W2E1_Caso003Safari.tearDown(W2E1_Caso003Safari.java:256)
... Removed 24 stack frames]]>
    </failure>
  </testcase> <!-- @AfterClass tearDown -->
  <testcase name="@BeforeClass setUp" time="0.0" classname="web2_0.W2E1_Caso004Safari">
    <failure type="org.openqa.selenium.WebDriverException" message="SafariDriver requires Safari 10 running on OSX El Capitan or greater.
Build info: version: &amp;apos;3.141.59&amp;apos;, revision: &amp;apos;e82be7d358&amp;apos;, time: &amp;apos;2018-11-14T08:25:53&amp;apos;
System info: host: &amp;apos;MANUELFVALLESS&amp;apos;, ip: &amp;apos;192.168.100.209&amp;apos;, os.name: &amp;apos;Windows 7&amp;apos;, os.arch: &amp;apos;amd64&amp;apos;, os.version: &amp;apos;6.1&amp;apos;, java.version: &amp;apos;1.8.0_181&amp;apos;
Driver info: driver.version: SafariDriver">
      <![CDATA[org.openqa.selenium.WebDriverException: SafariDriver requires Safari 10 running on OSX El Capitan or greater.
Build info: version: '3.141.59', revision: 'e82be7d358', time: '2018-11-14T08:25:53'
System info: host: 'MANUELFVALLESS', ip: '192.168.100.209', os.name: 'Windows 7', os.arch: 'amd64', os.version: '6.1', java.version: '1.8.0_181'
Driver info: driver.version: SafariDriver
	at org.openqa.selenium.safari.SafariDriverService.createDefaultService(SafariDriverService.java:59)
	at org.openqa.selenium.safari.SafariDriver.<init>(SafariDriver.java:63)
	at org.openqa.selenium.safari.SafariDriver.<init>(SafariDriver.java:41)
	at web2_0.W2E1_Caso004Safari.setUp(W2E1_Caso004Safari.java:29)
... Removed 24 stack frames]]>
    </failure>
  </testcase> <!-- @BeforeClass setUp -->
  <testcase name="@AfterClass tearDown" time="0.0" classname="web2_0.W2E1_Caso004Safari">
    <failure type="java.lang.NullPointerException">
      <![CDATA[java.lang.NullPointerException
	at web2_0.W2E1_Caso004Safari.getFoto(W2E1_Caso004Safari.java:254)
	at web2_0.W2E1_Caso004Safari.tearDown(W2E1_Caso004Safari.java:237)
... Removed 24 stack frames]]>
    </failure>
  </testcase> <!-- @AfterClass tearDown -->
  <testcase name="@BeforeClass setUp" time="0.0" classname="web2_0.W2E1_Caso005Safari">
    <failure type="org.openqa.selenium.WebDriverException" message="SafariDriver requires Safari 10 running on OSX El Capitan or greater.
Build info: version: &amp;apos;3.141.59&amp;apos;, revision: &amp;apos;e82be7d358&amp;apos;, time: &amp;apos;2018-11-14T08:25:53&amp;apos;
System info: host: &amp;apos;MANUELFVALLESS&amp;apos;, ip: &amp;apos;192.168.100.209&amp;apos;, os.name: &amp;apos;Windows 7&amp;apos;, os.arch: &amp;apos;amd64&amp;apos;, os.version: &amp;apos;6.1&amp;apos;, java.version: &amp;apos;1.8.0_181&amp;apos;
Driver info: driver.version: SafariDriver">
      <![CDATA[org.openqa.selenium.WebDriverException: SafariDriver requires Safari 10 running on OSX El Capitan or greater.
Build info: version: '3.141.59', revision: 'e82be7d358', time: '2018-11-14T08:25:53'
System info: host: 'MANUELFVALLESS', ip: '192.168.100.209', os.name: 'Windows 7', os.arch: 'amd64', os.version: '6.1', java.version: '1.8.0_181'
Driver info: driver.version: SafariDriver
	at org.openqa.selenium.safari.SafariDriverService.createDefaultService(SafariDriverService.java:59)
	at org.openqa.selenium.safari.SafariDriver.<init>(SafariDriver.java:63)
	at org.openqa.selenium.safari.SafariDriver.<init>(SafariDriver.java:41)
	at web2_0.W2E1_Caso005Safari.setUp(W2E1_Caso005Safari.java:29)
... Removed 24 stack frames]]>
    </failure>
  </testcase> <!-- @BeforeClass setUp -->
  <testcase name="@AfterClass tearDown" time="0.0" classname="web2_0.W2E1_Caso005Safari">
    <failure type="java.lang.NullPointerException">
      <![CDATA[java.lang.NullPointerException
	at web2_0.W2E1_Caso005Safari.getFoto(W2E1_Caso005Safari.java:243)
	at web2_0.W2E1_Caso005Safari.tearDown(W2E1_Caso005Safari.java:226)
... Removed 24 stack frames]]>
    </failure>
  </testcase> <!-- @AfterClass tearDown -->
  <testcase name="@BeforeClass setUp" time="0.0" classname="web2_0.W2E1_Caso007Safari">
    <failure type="org.openqa.selenium.WebDriverException" message="SafariDriver requires Safari 10 running on OSX El Capitan or greater.
Build info: version: &amp;apos;3.141.59&amp;apos;, revision: &amp;apos;e82be7d358&amp;apos;, time: &amp;apos;2018-11-14T08:25:53&amp;apos;
System info: host: &amp;apos;MANUELFVALLESS&amp;apos;, ip: &amp;apos;192.168.100.209&amp;apos;, os.name: &amp;apos;Windows 7&amp;apos;, os.arch: &amp;apos;amd64&amp;apos;, os.version: &amp;apos;6.1&amp;apos;, java.version: &amp;apos;1.8.0_181&amp;apos;
Driver info: driver.version: SafariDriver">
      <![CDATA[org.openqa.selenium.WebDriverException: SafariDriver requires Safari 10 running on OSX El Capitan or greater.
Build info: version: '3.141.59', revision: 'e82be7d358', time: '2018-11-14T08:25:53'
System info: host: 'MANUELFVALLESS', ip: '192.168.100.209', os.name: 'Windows 7', os.arch: 'amd64', os.version: '6.1', java.version: '1.8.0_181'
Driver info: driver.version: SafariDriver
	at org.openqa.selenium.safari.SafariDriverService.createDefaultService(SafariDriverService.java:59)
	at org.openqa.selenium.safari.SafariDriver.<init>(SafariDriver.java:63)
	at org.openqa.selenium.safari.SafariDriver.<init>(SafariDriver.java:41)
	at web2_0.W2E1_Caso007Safari.setUp(W2E1_Caso007Safari.java:29)
... Removed 24 stack frames]]>
    </failure>
  </testcase> <!-- @BeforeClass setUp -->
  <testcase name="@AfterClass tearDown" time="0.0" classname="web2_0.W2E1_Caso007Safari">
    <failure type="java.lang.NullPointerException">
      <![CDATA[java.lang.NullPointerException
	at web2_0.W2E1_Caso007Safari.getFoto(W2E1_Caso007Safari.java:250)
	at web2_0.W2E1_Caso007Safari.tearDown(W2E1_Caso007Safari.java:233)
... Removed 24 stack frames]]>
    </failure>
  </testcase> <!-- @AfterClass tearDown -->
  <testcase name="@BeforeClass setUp" time="0.0" classname="web2_0.W2E1_Caso008Safari">
    <failure type="org.openqa.selenium.WebDriverException" message="SafariDriver requires Safari 10 running on OSX El Capitan or greater.
Build info: version: &amp;apos;3.141.59&amp;apos;, revision: &amp;apos;e82be7d358&amp;apos;, time: &amp;apos;2018-11-14T08:25:53&amp;apos;
System info: host: &amp;apos;MANUELFVALLESS&amp;apos;, ip: &amp;apos;192.168.100.209&amp;apos;, os.name: &amp;apos;Windows 7&amp;apos;, os.arch: &amp;apos;amd64&amp;apos;, os.version: &amp;apos;6.1&amp;apos;, java.version: &amp;apos;1.8.0_181&amp;apos;
Driver info: driver.version: SafariDriver">
      <![CDATA[org.openqa.selenium.WebDriverException: SafariDriver requires Safari 10 running on OSX El Capitan or greater.
Build info: version: '3.141.59', revision: 'e82be7d358', time: '2018-11-14T08:25:53'
System info: host: 'MANUELFVALLESS', ip: '192.168.100.209', os.name: 'Windows 7', os.arch: 'amd64', os.version: '6.1', java.version: '1.8.0_181'
Driver info: driver.version: SafariDriver
	at org.openqa.selenium.safari.SafariDriverService.createDefaultService(SafariDriverService.java:59)
	at org.openqa.selenium.safari.SafariDriver.<init>(SafariDriver.java:63)
	at org.openqa.selenium.safari.SafariDriver.<init>(SafariDriver.java:41)
	at web2_0.W2E1_Caso008Safari.setUp(W2E1_Caso008Safari.java:29)
... Removed 24 stack frames]]>
    </failure>
  </testcase> <!-- @BeforeClass setUp -->
  <testcase name="@AfterClass tearDown" time="0.0" classname="web2_0.W2E1_Caso008Safari">
    <failure type="java.lang.NullPointerException">
      <![CDATA[java.lang.NullPointerException
	at web2_0.W2E1_Caso008Safari.getFoto(W2E1_Caso008Safari.java:298)
	at web2_0.W2E1_Caso008Safari.tearDown(W2E1_Caso008Safari.java:281)
... Removed 24 stack frames]]>
    </failure>
  </testcase> <!-- @AfterClass tearDown -->
  <testcase name="@BeforeClass setUp" time="0.0" classname="web2_0.W2E1_Caso009Safari">
    <failure type="org.openqa.selenium.WebDriverException" message="SafariDriver requires Safari 10 running on OSX El Capitan or greater.
Build info: version: &amp;apos;3.141.59&amp;apos;, revision: &amp;apos;e82be7d358&amp;apos;, time: &amp;apos;2018-11-14T08:25:53&amp;apos;
System info: host: &amp;apos;MANUELFVALLESS&amp;apos;, ip: &amp;apos;192.168.100.209&amp;apos;, os.name: &amp;apos;Windows 7&amp;apos;, os.arch: &amp;apos;amd64&amp;apos;, os.version: &amp;apos;6.1&amp;apos;, java.version: &amp;apos;1.8.0_181&amp;apos;
Driver info: driver.version: SafariDriver">
      <![CDATA[org.openqa.selenium.WebDriverException: SafariDriver requires Safari 10 running on OSX El Capitan or greater.
Build info: version: '3.141.59', revision: 'e82be7d358', time: '2018-11-14T08:25:53'
System info: host: 'MANUELFVALLESS', ip: '192.168.100.209', os.name: 'Windows 7', os.arch: 'amd64', os.version: '6.1', java.version: '1.8.0_181'
Driver info: driver.version: SafariDriver
	at org.openqa.selenium.safari.SafariDriverService.createDefaultService(SafariDriverService.java:59)
	at org.openqa.selenium.safari.SafariDriver.<init>(SafariDriver.java:63)
	at org.openqa.selenium.safari.SafariDriver.<init>(SafariDriver.java:41)
	at web2_0.W2E1_Caso009Safari.setUp(W2E1_Caso009Safari.java:29)
... Removed 24 stack frames]]>
    </failure>
  </testcase> <!-- @BeforeClass setUp -->
  <testcase name="@AfterClass tearDown" time="0.0" classname="web2_0.W2E1_Caso009Safari">
    <failure type="java.lang.NullPointerException">
      <![CDATA[java.lang.NullPointerException
	at web2_0.W2E1_Caso009Safari.getFoto(W2E1_Caso009Safari.java:309)
	at web2_0.W2E1_Caso009Safari.tearDown(W2E1_Caso009Safari.java:292)
... Removed 24 stack frames]]>
    </failure>
  </testcase> <!-- @AfterClass tearDown -->
  <testcase name="@BeforeClass setUp" time="0.0" classname="web2_0.W2E1_Caso011Safari">
    <failure type="org.openqa.selenium.WebDriverException" message="SafariDriver requires Safari 10 running on OSX El Capitan or greater.
Build info: version: &amp;apos;3.141.59&amp;apos;, revision: &amp;apos;e82be7d358&amp;apos;, time: &amp;apos;2018-11-14T08:25:53&amp;apos;
System info: host: &amp;apos;MANUELFVALLESS&amp;apos;, ip: &amp;apos;192.168.100.209&amp;apos;, os.name: &amp;apos;Windows 7&amp;apos;, os.arch: &amp;apos;amd64&amp;apos;, os.version: &amp;apos;6.1&amp;apos;, java.version: &amp;apos;1.8.0_181&amp;apos;
Driver info: driver.version: SafariDriver">
      <![CDATA[org.openqa.selenium.WebDriverException: SafariDriver requires Safari 10 running on OSX El Capitan or greater.
Build info: version: '3.141.59', revision: 'e82be7d358', time: '2018-11-14T08:25:53'
System info: host: 'MANUELFVALLESS', ip: '192.168.100.209', os.name: 'Windows 7', os.arch: 'amd64', os.version: '6.1', java.version: '1.8.0_181'
Driver info: driver.version: SafariDriver
	at org.openqa.selenium.safari.SafariDriverService.createDefaultService(SafariDriverService.java:59)
	at org.openqa.selenium.safari.SafariDriver.<init>(SafariDriver.java:63)
	at org.openqa.selenium.safari.SafariDriver.<init>(SafariDriver.java:41)
	at web2_0.W2E1_Caso011Safari.setUp(W2E1_Caso011Safari.java:29)
... Removed 24 stack frames]]>
    </failure>
  </testcase> <!-- @BeforeClass setUp -->
  <testcase name="@AfterClass tearDown" time="0.0" classname="web2_0.W2E1_Caso011Safari">
    <failure type="java.lang.NullPointerException">
      <![CDATA[java.lang.NullPointerException
	at web2_0.W2E1_Caso011Safari.getFoto(W2E1_Caso011Safari.java:352)
	at web2_0.W2E1_Caso011Safari.tearDown(W2E1_Caso011Safari.java:335)
... Removed 24 stack frames]]>
    </failure>
  </testcase> <!-- @AfterClass tearDown -->
  <testcase name="@BeforeClass setUp" time="0.0" classname="web2_0.W2E1_Caso012Safari">
    <failure type="org.openqa.selenium.WebDriverException" message="SafariDriver requires Safari 10 running on OSX El Capitan or greater.
Build info: version: &amp;apos;3.141.59&amp;apos;, revision: &amp;apos;e82be7d358&amp;apos;, time: &amp;apos;2018-11-14T08:25:53&amp;apos;
System info: host: &amp;apos;MANUELFVALLESS&amp;apos;, ip: &amp;apos;192.168.100.209&amp;apos;, os.name: &amp;apos;Windows 7&amp;apos;, os.arch: &amp;apos;amd64&amp;apos;, os.version: &amp;apos;6.1&amp;apos;, java.version: &amp;apos;1.8.0_181&amp;apos;
Driver info: driver.version: SafariDriver">
      <![CDATA[org.openqa.selenium.WebDriverException: SafariDriver requires Safari 10 running on OSX El Capitan or greater.
Build info: version: '3.141.59', revision: 'e82be7d358', time: '2018-11-14T08:25:53'
System info: host: 'MANUELFVALLESS', ip: '192.168.100.209', os.name: 'Windows 7', os.arch: 'amd64', os.version: '6.1', java.version: '1.8.0_181'
Driver info: driver.version: SafariDriver
	at org.openqa.selenium.safari.SafariDriverService.createDefaultService(SafariDriverService.java:59)
	at org.openqa.selenium.safari.SafariDriver.<init>(SafariDriver.java:63)
	at org.openqa.selenium.safari.SafariDriver.<init>(SafariDriver.java:41)
	at web2_0.W2E1_Caso012Safari.setUp(W2E1_Caso012Safari.java:29)
... Removed 24 stack frames]]>
    </failure>
  </testcase> <!-- @BeforeClass setUp -->
  <testcase name="@AfterClass tearDown" time="0.0" classname="web2_0.W2E1_Caso012Safari">
    <failure type="java.lang.NullPointerException">
      <![CDATA[java.lang.NullPointerException
	at web2_0.W2E1_Caso012Safari.getFoto(W2E1_Caso012Safari.java:477)
	at web2_0.W2E1_Caso012Safari.tearDown(W2E1_Caso012Safari.java:460)
... Removed 24 stack frames]]>
    </failure>
  </testcase> <!-- @AfterClass tearDown -->
  <testcase name="testW2E1_Caso001" time="0.002" classname="web2_0.W2E1_Caso001Iphone">
    <skipped/>
  </testcase> <!-- testW2E1_Caso001 -->
  <testcase name="testW2E1_Caso003" time="0.005" classname="web2_0.W2E1_Caso003Safari">
    <skipped/>
  </testcase> <!-- testW2E1_Caso003 -->
  <testcase name="testW2E1_Caso004" time="0.002" classname="web2_0.W2E1_Caso004Safari">
    <skipped/>
  </testcase> <!-- testW2E1_Caso004 -->
  <testcase name="testW2E1_Caso005" time="0.007" classname="web2_0.W2E1_Caso005Safari">
    <skipped/>
  </testcase> <!-- testW2E1_Caso005 -->
  <testcase name="testW2E1_Caso007" time="0.005" classname="web2_0.W2E1_Caso007Safari">
    <skipped/>
  </testcase> <!-- testW2E1_Caso007 -->
  <testcase name="testW2E1_Caso008" time="0.002" classname="web2_0.W2E1_Caso008Safari">
    <skipped/>
  </testcase> <!-- testW2E1_Caso008 -->
  <testcase name="testW2E1_Caso009Safari" time="0.001" classname="web2_0.W2E1_Caso009Safari">
    <skipped/>
  </testcase> <!-- testW2E1_Caso009Safari -->
  <testcase name="testW2E1_Caso011" time="0.001" classname="web2_0.W2E1_Caso011Safari">
    <skipped/>
  </testcase> <!-- testW2E1_Caso011 -->
  <testcase name="testW2E1_Caso012" time="0.001" classname="web2_0.W2E1_Caso012Safari">
    <skipped/>
  </testcase> <!-- testW2E1_Caso012 -->
</testsuite> <!-- Test -->
